{
  "RSpec": {
    "coverage": {
      "/Users/colinarmstrong/Turing/mod2/music_box_1804/config/environment.rb": [
        null,
        1,
        null,
        null,
        1
      ],
      "/Users/colinarmstrong/Turing/mod2/music_box_1804/config/application.rb": [
        1,
        null,
        1,
        null,
        1,
        1,
        1,
        1,
        1,
        1,
        1,
        1,
        null,
        null,
        null,
        null,
        1,
        null,
        1,
        1,
        null,
        1,
        null,
        null,
        null,
        null,
        null,
        null,
        1,
        null,
        null
      ],
      "/Users/colinarmstrong/Turing/mod2/music_box_1804/config/boot.rb": [
        1,
        null,
        1
      ],
      "/Users/colinarmstrong/Turing/mod2/music_box_1804/config/environments/test.rb": [
        1,
        null,
        null,
        null,
        null,
        null,
        null,
        1,
        null,
        null,
        null,
        null,
        1,
        null,
        null,
        1,
        1,
        null,
        null,
        null,
        null,
        1,
        1,
        null,
        null,
        1,
        null,
        null,
        1,
        1,
        null,
        null,
        null,
        null,
        1,
        null,
        null,
        1,
        null,
        null,
        null,
        null
      ],
      "/Users/colinarmstrong/Turing/mod2/music_box_1804/config/initializers/application_controller_renderer.rb": [
        null,
        null,
        null,
        null,
        null,
        null,
        null,
        null
      ],
      "/Users/colinarmstrong/Turing/mod2/music_box_1804/config/initializers/assets.rb": [
        null,
        null,
        null,
        1,
        null,
        null,
        null,
        null,
        1,
        null,
        null,
        null,
        null,
        null
      ],
      "/Users/colinarmstrong/Turing/mod2/music_box_1804/config/initializers/backtrace_silencers.rb": [
        null,
        null,
        null,
        null,
        null,
        null,
        null
      ],
      "/Users/colinarmstrong/Turing/mod2/music_box_1804/config/initializers/cookies_serializer.rb": [
        null,
        null,
        null,
        null,
        1
      ],
      "/Users/colinarmstrong/Turing/mod2/music_box_1804/config/initializers/filter_parameter_logging.rb": [
        null,
        null,
        null,
        1
      ],
      "/Users/colinarmstrong/Turing/mod2/music_box_1804/config/initializers/inflections.rb": [
        null,
        null,
        null,
        null,
        null,
        null,
        null,
        null,
        null,
        null,
        null,
        null,
        null,
        null,
        null,
        null
      ],
      "/Users/colinarmstrong/Turing/mod2/music_box_1804/config/initializers/mime_types.rb": [
        null,
        null,
        null,
        null
      ],
      "/Users/colinarmstrong/Turing/mod2/music_box_1804/config/initializers/wrap_parameters.rb": [
        null,
        null,
        null,
        null,
        null,
        null,
        1,
        2,
        null,
        null,
        null,
        null,
        null,
        null
      ],
      "/Users/colinarmstrong/Turing/mod2/music_box_1804/config/routes.rb": [
        1,
        null,
        1,
        null,
        1,
        1,
        null,
        1,
        1,
        1,
        null
      ],
      "/Users/colinarmstrong/Turing/mod2/music_box_1804/app/helpers/application_helper.rb": [
        1,
        null
      ],
      "/Users/colinarmstrong/Turing/mod2/music_box_1804/spec/features/registation_spec.rb": [
        1,
        null,
        1,
        1,
        1,
        null,
        1,
        null,
        1,
        null,
        1,
        null,
        1,
        1,
        null,
        1,
        null,
        1,
        null,
        1,
        null,
        null
      ],
      "/Users/colinarmstrong/Turing/mod2/music_box_1804/spec/features/user_can_create_a_new_song_spec.rb": [
        1,
        null,
        1,
        1,
        1,
        1,
        1,
        1,
        null,
        1,
        null,
        1,
        1,
        1,
        1,
        null,
        1,
        1,
        null,
        null
      ],
      "/Users/colinarmstrong/Turing/mod2/music_box_1804/spec/features/user_sees_all_songs_spec.rb": [
        1,
        null,
        1,
        1,
        1,
        1,
        1,
        null,
        1,
        null,
        1,
        1,
        1,
        1,
        1,
        1,
        null,
        null
      ],
      "/Users/colinarmstrong/Turing/mod2/music_box_1804/spec/features/user_sees_form_to_create_artist_spec.rb": [
        1,
        null,
        1,
        1,
        1,
        null,
        1,
        null,
        1,
        null,
        1,
        null,
        1,
        null,
        null
      ],
      "/Users/colinarmstrong/Turing/mod2/music_box_1804/spec/models/artist_spec.rb": [
        1,
        null,
        1,
        1,
        2,
        null,
        null,
        1,
        2,
        null,
        null
      ],
      "/Users/colinarmstrong/Turing/mod2/music_box_1804/app/models/artist.rb": [
        1,
        1,
        null,
        1,
        null
      ],
      "/Users/colinarmstrong/Turing/mod2/music_box_1804/app/models/application_record.rb": [
        1,
        1,
        null
      ],
      "/Users/colinarmstrong/Turing/mod2/music_box_1804/spec/models/playlist_spec.rb": [
        1,
        null,
        1,
        1,
        2,
        null,
        null
      ],
      "/Users/colinarmstrong/Turing/mod2/music_box_1804/app/models/playlist.rb": [
        1,
        1,
        1,
        null
      ],
      "/Users/colinarmstrong/Turing/mod2/music_box_1804/spec/models/song_spec.rb": [
        1,
        null,
        1,
        1,
        2,
        2,
        2,
        null,
        null,
        1,
        2,
        null,
        null
      ],
      "/Users/colinarmstrong/Turing/mod2/music_box_1804/app/models/song.rb": [
        1,
        1,
        null,
        1,
        null,
        1,
        1,
        null
      ],
      "/Users/colinarmstrong/Turing/mod2/music_box_1804/spec/models/user_spec.rb": [
        1,
        null,
        1,
        1,
        2,
        2,
        2,
        null,
        null
      ],
      "/Users/colinarmstrong/Turing/mod2/music_box_1804/app/models/user.rb": [
        1,
        1,
        1,
        null,
        1,
        null
      ],
      "/Users/colinarmstrong/Turing/mod2/music_box_1804/app/controllers/artists_controller.rb": [
        1,
        null,
        1,
        2,
        null,
        null,
        1,
        2,
        null,
        null,
        1,
        1,
        1,
        null,
        0,
        null,
        null,
        null,
        1,
        0,
        0,
        null,
        null,
        1,
        null,
        1,
        1,
        null,
        null,
        null
      ],
      "/Users/colinarmstrong/Turing/mod2/music_box_1804/app/controllers/application_controller.rb": [
        1,
        1,
        null
      ],
      "/Users/colinarmstrong/Turing/mod2/music_box_1804/app/controllers/songs_controller.rb": [
        1,
        null,
        1,
        2,
        null,
        null,
        1,
        1,
        1,
        null,
        null,
        1,
        1,
        1,
        1,
        1,
        null,
        0,
        null,
        null,
        null,
        1,
        null,
        1,
        1,
        null,
        null
      ],
      "/Users/colinarmstrong/Turing/mod2/music_box_1804/app/controllers/welcome_controller.rb": [
        1,
        null,
        1,
        null,
        null,
        null
      ],
      "/Users/colinarmstrong/Turing/mod2/music_box_1804/app/controllers/users_controller.rb": [
        1,
        null,
        1,
        1,
        null,
        null,
        1,
        1,
        1,
        1,
        null,
        0,
        null,
        null,
        null,
        1,
        1,
        null,
        null,
        1,
        null,
        1,
        1,
        null,
        null
      ],
      "/Users/colinarmstrong/Turing/mod2/music_box_1804/app/models/playlist_song.rb": [
        1,
        1,
        1,
        null
      ]
    },
    "timestamp": 1531757612
  }
}
